{"uid":"3e788cf55e798485","name":"test_logout","fullName":"test_conduit_vizsagremek.test_conduit.TestConduit#test_logout","historyId":"a5277271cc44b9b310f069ae7c493959","time":{"start":1681303453215,"stop":1681303460599,"duration":7384},"status":"broken","statusMessage":"selenium.common.exceptions.TimeoutException: Message: \nStacktrace:\n#0 0x559213dbf243 <unknown>\n#1 0x559213b837a6 <unknown>\n#2 0x559213bc064d <unknown>\n#3 0x559213bc0761 <unknown>\n#4 0x559213bfbda4 <unknown>\n#5 0x559213be10ad <unknown>\n#6 0x559213bf9932 <unknown>\n#7 0x559213be0e53 <unknown>\n#8 0x559213bb39ea <unknown>\n#9 0x559213bb4b2e <unknown>\n#10 0x559213e13d5e <unknown>\n#11 0x559213e17a80 <unknown>\n#12 0x559213df98b0 <unknown>\n#13 0x559213e18b63 <unknown>\n#14 0x559213deaf75 <unknown>\n#15 0x559213e3b998 <unknown>\n#16 0x559213e3bb27 <unknown>\n#17 0x559213e56c23 <unknown>\n#18 0x7f5b7e186b43 <unknown>","statusTrace":"self = <test_conduit.TestConduit object at 0x7f93d8b68610>\n\n    def test_logout(self):\n    \n        login(self.browser)\n    \n        # KijelentkezÃ©s\n    \n>       logout_button = WebDriverWait(self.browser, 5).until(\n            EC.presence_of_element_located((By.PARTIAL_LINK_TEXT, 'Log out')))\n\ntest_conduit_vizsagremek/test_conduit.py:345: \n_ _ _ _ _ _ _ _ _ _ _ _ _ _ _ _ _ _ _ _ _ _ _ _ _ _ _ _ _ _ _ _ _ _ _ _ _ _ _ _ \n\nself = <selenium.webdriver.support.wait.WebDriverWait (session=\"57f7f1a1b623b3ff2ae4b372291efb87\")>\nmethod = <function presence_of_element_located.<locals>._predicate at 0x7f93d7a801f0>\nmessage = ''\n\n    def until(self, method, message: str = \"\"):\n        \"\"\"Calls the method provided with the driver as an argument until the \\\n        return value does not evaluate to ``False``.\n    \n        :param method: callable(WebDriver)\n        :param message: optional message for :exc:`TimeoutException`\n        :returns: the result of the last call to `method`\n        :raises: :exc:`selenium.common.exceptions.TimeoutException` if timeout occurs\n        \"\"\"\n        screen = None\n        stacktrace = None\n    \n        end_time = time.monotonic() + self._timeout\n        while True:\n            try:\n                value = method(self._driver)\n                if value:\n                    return value\n            except self._ignored_exceptions as exc:\n                screen = getattr(exc, \"screen\", None)\n                stacktrace = getattr(exc, \"stacktrace\", None)\n            time.sleep(self._poll)\n            if time.monotonic() > end_time:\n                break\n>       raise TimeoutException(message, screen, stacktrace)\nE       selenium.common.exceptions.TimeoutException: Message: \nE       Stacktrace:\nE       #0 0x559213dbf243 <unknown>\nE       #1 0x559213b837a6 <unknown>\nE       #2 0x559213bc064d <unknown>\nE       #3 0x559213bc0761 <unknown>\nE       #4 0x559213bfbda4 <unknown>\nE       #5 0x559213be10ad <unknown>\nE       #6 0x559213bf9932 <unknown>\nE       #7 0x559213be0e53 <unknown>\nE       #8 0x559213bb39ea <unknown>\nE       #9 0x559213bb4b2e <unknown>\nE       #10 0x559213e13d5e <unknown>\nE       #11 0x559213e17a80 <unknown>\nE       #12 0x559213df98b0 <unknown>\nE       #13 0x559213e18b63 <unknown>\nE       #14 0x559213deaf75 <unknown>\nE       #15 0x559213e3b998 <unknown>\nE       #16 0x559213e3bb27 <unknown>\nE       #17 0x559213e56c23 <unknown>\nE       #18 0x7f5b7e186b43 <unknown>\n\n/opt/hostedtoolcache/Python/3.10.10/x64/lib/python3.10/site-packages/selenium/webdriver/support/wait.py:95: TimeoutException","flaky":false,"newFailed":false,"newBroken":false,"newPassed":false,"retriesCount":0,"retriesStatusChange":false,"beforeStages":[{"name":"_xunit_setup_method_fixture_TestConduit","time":{"start":1681303452027,"stop":1681303453214,"duration":1187},"status":"passed","steps":[],"attachments":[],"parameters":[],"stepsCount":0,"attachmentsCount":0,"shouldDisplayMessage":false,"hasContent":false}],"afterStages":[{"name":"_xunit_setup_method_fixture_TestConduit::0","time":{"start":1681303460609,"stop":1681303460665,"duration":56},"status":"passed","steps":[],"attachments":[],"parameters":[],"stepsCount":0,"attachmentsCount":0,"shouldDisplayMessage":false,"hasContent":false}],"labels":[{"name":"parentSuite","value":"test_conduit_vizsagremek"},{"name":"suite","value":"test_conduit"},{"name":"subSuite","value":"TestConduit"},{"name":"host","value":"fv-az444-626"},{"name":"thread","value":"3130-MainThread"},{"name":"framework","value":"pytest"},{"name":"language","value":"cpython3"},{"name":"package","value":"test_conduit_vizsagremek.test_conduit"},{"name":"resultFormat","value":"allure2"}],"parameters":[],"links":[],"hidden":false,"retry":false,"extra":{"severity":"normal","retries":[],"categories":[{"name":"Test defects","matchedStatuses":[],"flaky":false}],"tags":[]},"source":"3e788cf55e798485.json","parameterValues":[]}