{"uid":"45939bb20b0c6d6b","name":"test_new_data","fullName":"test_conduit_vizsagremek.test_conduit.TestConduit#test_new_data","historyId":"629b8e65bd848567305b7c2c6d844a22","time":{"start":1681303415227,"stop":1681303422587,"duration":7360},"status":"broken","statusMessage":"selenium.common.exceptions.TimeoutException: Message: \nStacktrace:\n#0 0x55b2ecca4243 <unknown>\n#1 0x55b2eca687a6 <unknown>\n#2 0x55b2ecaa564d <unknown>\n#3 0x55b2ecaa5761 <unknown>\n#4 0x55b2ecae0da4 <unknown>\n#5 0x55b2ecac60ad <unknown>\n#6 0x55b2ecade932 <unknown>\n#7 0x55b2ecac5e53 <unknown>\n#8 0x55b2eca989ea <unknown>\n#9 0x55b2eca99b2e <unknown>\n#10 0x55b2eccf8d5e <unknown>\n#11 0x55b2eccfca80 <unknown>\n#12 0x55b2eccde8b0 <unknown>\n#13 0x55b2eccfdb63 <unknown>\n#14 0x55b2ecccff75 <unknown>\n#15 0x55b2ecd20998 <unknown>\n#16 0x55b2ecd20b27 <unknown>\n#17 0x55b2ecd3bc23 <unknown>\n#18 0x7f6715ddfb43 <unknown>","statusTrace":"self = <test_conduit.TestConduit object at 0x7f93d8b6be50>\n\n    def test_new_data(self):\n    \n        login(self.browser)\n    \n        # Új bejegyzés létrehozása\n    \n>       new_article_btn = WebDriverWait(self.browser, 5).until(\n            EC.presence_of_element_located((By.XPATH, '//a[@href=\"#/editor\"]')))\n\ntest_conduit_vizsagremek/test_conduit.py:178: \n_ _ _ _ _ _ _ _ _ _ _ _ _ _ _ _ _ _ _ _ _ _ _ _ _ _ _ _ _ _ _ _ _ _ _ _ _ _ _ _ \n\nself = <selenium.webdriver.support.wait.WebDriverWait (session=\"334f4dc26ad2f4c2bab9d0e37651dc70\")>\nmethod = <function presence_of_element_located.<locals>._predicate at 0x7f93d8c57c70>\nmessage = ''\n\n    def until(self, method, message: str = \"\"):\n        \"\"\"Calls the method provided with the driver as an argument until the \\\n        return value does not evaluate to ``False``.\n    \n        :param method: callable(WebDriver)\n        :param message: optional message for :exc:`TimeoutException`\n        :returns: the result of the last call to `method`\n        :raises: :exc:`selenium.common.exceptions.TimeoutException` if timeout occurs\n        \"\"\"\n        screen = None\n        stacktrace = None\n    \n        end_time = time.monotonic() + self._timeout\n        while True:\n            try:\n                value = method(self._driver)\n                if value:\n                    return value\n            except self._ignored_exceptions as exc:\n                screen = getattr(exc, \"screen\", None)\n                stacktrace = getattr(exc, \"stacktrace\", None)\n            time.sleep(self._poll)\n            if time.monotonic() > end_time:\n                break\n>       raise TimeoutException(message, screen, stacktrace)\nE       selenium.common.exceptions.TimeoutException: Message: \nE       Stacktrace:\nE       #0 0x55b2ecca4243 <unknown>\nE       #1 0x55b2eca687a6 <unknown>\nE       #2 0x55b2ecaa564d <unknown>\nE       #3 0x55b2ecaa5761 <unknown>\nE       #4 0x55b2ecae0da4 <unknown>\nE       #5 0x55b2ecac60ad <unknown>\nE       #6 0x55b2ecade932 <unknown>\nE       #7 0x55b2ecac5e53 <unknown>\nE       #8 0x55b2eca989ea <unknown>\nE       #9 0x55b2eca99b2e <unknown>\nE       #10 0x55b2eccf8d5e <unknown>\nE       #11 0x55b2eccfca80 <unknown>\nE       #12 0x55b2eccde8b0 <unknown>\nE       #13 0x55b2eccfdb63 <unknown>\nE       #14 0x55b2ecccff75 <unknown>\nE       #15 0x55b2ecd20998 <unknown>\nE       #16 0x55b2ecd20b27 <unknown>\nE       #17 0x55b2ecd3bc23 <unknown>\nE       #18 0x7f6715ddfb43 <unknown>\n\n/opt/hostedtoolcache/Python/3.10.10/x64/lib/python3.10/site-packages/selenium/webdriver/support/wait.py:95: TimeoutException","flaky":false,"newFailed":false,"newBroken":false,"newPassed":false,"retriesCount":0,"retriesStatusChange":false,"beforeStages":[{"name":"_xunit_setup_method_fixture_TestConduit","time":{"start":1681303414038,"stop":1681303415227,"duration":1189},"status":"passed","steps":[],"attachments":[],"parameters":[],"stepsCount":0,"attachmentsCount":0,"shouldDisplayMessage":false,"hasContent":false}],"afterStages":[{"name":"_xunit_setup_method_fixture_TestConduit::0","time":{"start":1681303422597,"stop":1681303422653,"duration":56},"status":"passed","steps":[],"attachments":[],"parameters":[],"stepsCount":0,"attachmentsCount":0,"shouldDisplayMessage":false,"hasContent":false}],"labels":[{"name":"parentSuite","value":"test_conduit_vizsagremek"},{"name":"suite","value":"test_conduit"},{"name":"subSuite","value":"TestConduit"},{"name":"host","value":"fv-az444-626"},{"name":"thread","value":"3130-MainThread"},{"name":"framework","value":"pytest"},{"name":"language","value":"cpython3"},{"name":"package","value":"test_conduit_vizsagremek.test_conduit"},{"name":"resultFormat","value":"allure2"}],"parameters":[],"links":[],"hidden":false,"retry":false,"extra":{"severity":"normal","retries":[],"categories":[{"name":"Test defects","matchedStatuses":[],"flaky":false}],"tags":[]},"source":"45939bb20b0c6d6b.json","parameterValues":[]}