{"uid":"84e422814dde5328","name":"test_modify_data","fullName":"test_conduit_vizsagremek.test_conduit.TestConduit#test_modify_data","historyId":"c8a700feb50114116aa9551894e73456","time":{"start":1681303427353,"stop":1681303434710,"duration":7357},"status":"broken","statusMessage":"selenium.common.exceptions.TimeoutException: Message: \nStacktrace:\n#0 0x55ec73fe9243 <unknown>\n#1 0x55ec73dad7a6 <unknown>\n#2 0x55ec73dea64d <unknown>\n#3 0x55ec73dea761 <unknown>\n#4 0x55ec73e25da4 <unknown>\n#5 0x55ec73e0b0ad <unknown>\n#6 0x55ec73e23932 <unknown>\n#7 0x55ec73e0ae53 <unknown>\n#8 0x55ec73ddd9ea <unknown>\n#9 0x55ec73ddeb2e <unknown>\n#10 0x55ec7403dd5e <unknown>\n#11 0x55ec74041a80 <unknown>\n#12 0x55ec740238b0 <unknown>\n#13 0x55ec74042b63 <unknown>\n#14 0x55ec74014f75 <unknown>\n#15 0x55ec74065998 <unknown>\n#16 0x55ec74065b27 <unknown>\n#17 0x55ec74080c23 <unknown>\n#18 0x7fa217cc7b43 <unknown>","statusTrace":"self = <test_conduit.TestConduit object at 0x7f93d8b68ac0>\n\n    def test_modify_data(self):\n    \n        login(self.browser)\n    \n>       new_article(self.browser)\n\ntest_conduit_vizsagremek/test_conduit.py:267: \n_ _ _ _ _ _ _ _ _ _ _ _ _ _ _ _ _ _ _ _ _ _ _ _ _ _ _ _ _ _ _ _ _ _ _ _ _ _ _ _ \ntest_conduit_vizsagremek/basic_functions.py:25: in new_article\n    new_article_btn = WebDriverWait(browser, 5).until(\n_ _ _ _ _ _ _ _ _ _ _ _ _ _ _ _ _ _ _ _ _ _ _ _ _ _ _ _ _ _ _ _ _ _ _ _ _ _ _ _ \n\nself = <selenium.webdriver.support.wait.WebDriverWait (session=\"9a746210bfebd547a8029dfb26d0aec8\")>\nmethod = <function presence_of_element_located.<locals>._predicate at 0x7f93d8c56c20>\nmessage = ''\n\n    def until(self, method, message: str = \"\"):\n        \"\"\"Calls the method provided with the driver as an argument until the \\\n        return value does not evaluate to ``False``.\n    \n        :param method: callable(WebDriver)\n        :param message: optional message for :exc:`TimeoutException`\n        :returns: the result of the last call to `method`\n        :raises: :exc:`selenium.common.exceptions.TimeoutException` if timeout occurs\n        \"\"\"\n        screen = None\n        stacktrace = None\n    \n        end_time = time.monotonic() + self._timeout\n        while True:\n            try:\n                value = method(self._driver)\n                if value:\n                    return value\n            except self._ignored_exceptions as exc:\n                screen = getattr(exc, \"screen\", None)\n                stacktrace = getattr(exc, \"stacktrace\", None)\n            time.sleep(self._poll)\n            if time.monotonic() > end_time:\n                break\n>       raise TimeoutException(message, screen, stacktrace)\nE       selenium.common.exceptions.TimeoutException: Message: \nE       Stacktrace:\nE       #0 0x55ec73fe9243 <unknown>\nE       #1 0x55ec73dad7a6 <unknown>\nE       #2 0x55ec73dea64d <unknown>\nE       #3 0x55ec73dea761 <unknown>\nE       #4 0x55ec73e25da4 <unknown>\nE       #5 0x55ec73e0b0ad <unknown>\nE       #6 0x55ec73e23932 <unknown>\nE       #7 0x55ec73e0ae53 <unknown>\nE       #8 0x55ec73ddd9ea <unknown>\nE       #9 0x55ec73ddeb2e <unknown>\nE       #10 0x55ec7403dd5e <unknown>\nE       #11 0x55ec74041a80 <unknown>\nE       #12 0x55ec740238b0 <unknown>\nE       #13 0x55ec74042b63 <unknown>\nE       #14 0x55ec74014f75 <unknown>\nE       #15 0x55ec74065998 <unknown>\nE       #16 0x55ec74065b27 <unknown>\nE       #17 0x55ec74080c23 <unknown>\nE       #18 0x7fa217cc7b43 <unknown>\n\n/opt/hostedtoolcache/Python/3.10.10/x64/lib/python3.10/site-packages/selenium/webdriver/support/wait.py:95: TimeoutException","flaky":false,"newFailed":false,"newBroken":false,"newPassed":false,"retriesCount":0,"retriesStatusChange":false,"beforeStages":[{"name":"_xunit_setup_method_fixture_TestConduit","time":{"start":1681303426155,"stop":1681303427352,"duration":1197},"status":"passed","steps":[],"attachments":[],"parameters":[],"stepsCount":0,"attachmentsCount":0,"shouldDisplayMessage":false,"hasContent":false}],"afterStages":[{"name":"_xunit_setup_method_fixture_TestConduit::0","time":{"start":1681303434721,"stop":1681303434777,"duration":56},"status":"passed","steps":[],"attachments":[],"parameters":[],"stepsCount":0,"attachmentsCount":0,"shouldDisplayMessage":false,"hasContent":false}],"labels":[{"name":"parentSuite","value":"test_conduit_vizsagremek"},{"name":"suite","value":"test_conduit"},{"name":"subSuite","value":"TestConduit"},{"name":"host","value":"fv-az444-626"},{"name":"thread","value":"3130-MainThread"},{"name":"framework","value":"pytest"},{"name":"language","value":"cpython3"},{"name":"package","value":"test_conduit_vizsagremek.test_conduit"},{"name":"resultFormat","value":"allure2"}],"parameters":[],"links":[],"hidden":false,"retry":false,"extra":{"severity":"normal","retries":[],"categories":[{"name":"Test defects","matchedStatuses":[],"flaky":false}],"tags":[]},"source":"84e422814dde5328.json","parameterValues":[]}