{"uid":"9087a97f30af2764","name":"test_delete_data","fullName":"test_conduit_vizsagremek.test_conduit.TestConduit#test_delete_data","historyId":"1794b27c40bd187f63983537e53c81f3","time":{"start":1681303435986,"stop":1681303443344,"duration":7358},"status":"broken","statusMessage":"selenium.common.exceptions.TimeoutException: Message: \nStacktrace:\n#0 0x557cd828a243 <unknown>\n#1 0x557cd804e7a6 <unknown>\n#2 0x557cd808b64d <unknown>\n#3 0x557cd808b761 <unknown>\n#4 0x557cd80c6da4 <unknown>\n#5 0x557cd80ac0ad <unknown>\n#6 0x557cd80c4932 <unknown>\n#7 0x557cd80abe53 <unknown>\n#8 0x557cd807e9ea <unknown>\n#9 0x557cd807fb2e <unknown>\n#10 0x557cd82ded5e <unknown>\n#11 0x557cd82e2a80 <unknown>\n#12 0x557cd82c48b0 <unknown>\n#13 0x557cd82e3b63 <unknown>\n#14 0x557cd82b5f75 <unknown>\n#15 0x557cd8306998 <unknown>\n#16 0x557cd8306b27 <unknown>\n#17 0x557cd8321c23 <unknown>\n#18 0x7f0b0db3ab43 <unknown>","statusTrace":"self = <test_conduit.TestConduit object at 0x7f93d8b68970>\n\n    def test_delete_data(self):\n    \n        login(self.browser)\n    \n>       new_article(self.browser)\n\ntest_conduit_vizsagremek/test_conduit.py:309: \n_ _ _ _ _ _ _ _ _ _ _ _ _ _ _ _ _ _ _ _ _ _ _ _ _ _ _ _ _ _ _ _ _ _ _ _ _ _ _ _ \ntest_conduit_vizsagremek/basic_functions.py:25: in new_article\n    new_article_btn = WebDriverWait(browser, 5).until(\n_ _ _ _ _ _ _ _ _ _ _ _ _ _ _ _ _ _ _ _ _ _ _ _ _ _ _ _ _ _ _ _ _ _ _ _ _ _ _ _ \n\nself = <selenium.webdriver.support.wait.WebDriverWait (session=\"23e90ba7fe447ad89eb60d47dac76548\")>\nmethod = <function presence_of_element_located.<locals>._predicate at 0x7f93d8c57880>\nmessage = ''\n\n    def until(self, method, message: str = \"\"):\n        \"\"\"Calls the method provided with the driver as an argument until the \\\n        return value does not evaluate to ``False``.\n    \n        :param method: callable(WebDriver)\n        :param message: optional message for :exc:`TimeoutException`\n        :returns: the result of the last call to `method`\n        :raises: :exc:`selenium.common.exceptions.TimeoutException` if timeout occurs\n        \"\"\"\n        screen = None\n        stacktrace = None\n    \n        end_time = time.monotonic() + self._timeout\n        while True:\n            try:\n                value = method(self._driver)\n                if value:\n                    return value\n            except self._ignored_exceptions as exc:\n                screen = getattr(exc, \"screen\", None)\n                stacktrace = getattr(exc, \"stacktrace\", None)\n            time.sleep(self._poll)\n            if time.monotonic() > end_time:\n                break\n>       raise TimeoutException(message, screen, stacktrace)\nE       selenium.common.exceptions.TimeoutException: Message: \nE       Stacktrace:\nE       #0 0x557cd828a243 <unknown>\nE       #1 0x557cd804e7a6 <unknown>\nE       #2 0x557cd808b64d <unknown>\nE       #3 0x557cd808b761 <unknown>\nE       #4 0x557cd80c6da4 <unknown>\nE       #5 0x557cd80ac0ad <unknown>\nE       #6 0x557cd80c4932 <unknown>\nE       #7 0x557cd80abe53 <unknown>\nE       #8 0x557cd807e9ea <unknown>\nE       #9 0x557cd807fb2e <unknown>\nE       #10 0x557cd82ded5e <unknown>\nE       #11 0x557cd82e2a80 <unknown>\nE       #12 0x557cd82c48b0 <unknown>\nE       #13 0x557cd82e3b63 <unknown>\nE       #14 0x557cd82b5f75 <unknown>\nE       #15 0x557cd8306998 <unknown>\nE       #16 0x557cd8306b27 <unknown>\nE       #17 0x557cd8321c23 <unknown>\nE       #18 0x7f0b0db3ab43 <unknown>\n\n/opt/hostedtoolcache/Python/3.10.10/x64/lib/python3.10/site-packages/selenium/webdriver/support/wait.py:95: TimeoutException","flaky":false,"newFailed":false,"newBroken":false,"newPassed":false,"retriesCount":0,"retriesStatusChange":false,"beforeStages":[{"name":"_xunit_setup_method_fixture_TestConduit","time":{"start":1681303434779,"stop":1681303435986,"duration":1207},"status":"passed","steps":[],"attachments":[],"parameters":[],"stepsCount":0,"attachmentsCount":0,"shouldDisplayMessage":false,"hasContent":false}],"afterStages":[{"name":"_xunit_setup_method_fixture_TestConduit::0","time":{"start":1681303443355,"stop":1681303443411,"duration":56},"status":"passed","steps":[],"attachments":[],"parameters":[],"stepsCount":0,"attachmentsCount":0,"shouldDisplayMessage":false,"hasContent":false}],"labels":[{"name":"parentSuite","value":"test_conduit_vizsagremek"},{"name":"suite","value":"test_conduit"},{"name":"subSuite","value":"TestConduit"},{"name":"host","value":"fv-az444-626"},{"name":"thread","value":"3130-MainThread"},{"name":"framework","value":"pytest"},{"name":"language","value":"cpython3"},{"name":"package","value":"test_conduit_vizsagremek.test_conduit"},{"name":"resultFormat","value":"allure2"}],"parameters":[],"links":[],"hidden":false,"retry":false,"extra":{"severity":"normal","retries":[],"categories":[{"name":"Test defects","matchedStatuses":[],"flaky":false}],"tags":[]},"source":"9087a97f30af2764.json","parameterValues":[]}